Arguments: 
  /Users/leonardoromero/.nvm/versions/node/v12.13.1/bin/node /Users/leonardoromero/.nvm/versions/node/v12.13.1/bin/yarn start

PATH: 
  /Users/leonardoromero/.nvm/versions/node/v12.13.1/bin:/usr/local/bin:/usr/bin:/bin:/usr/sbin:/sbin:/Users/leonardoromero/.nvm/versions/node/v12.13.1/bin:/Users/leonardoromero/.rvm/bin

Yarn version: 
  1.22.4

Node version: 
  12.13.1

Platform: 
  darwin x64

Trace: 
  SyntaxError: /Users/leonardoromero/Documents/React-hooks-platzi/platzi-conf-merch/package.json: Unexpected token } in JSON at position 698
      at JSON.parse (<anonymous>)
      at /Users/leonardoromero/.nvm/versions/node/v12.13.1/lib/node_modules/yarn/lib/cli.js:1625:59
      at Generator.next (<anonymous>)
      at step (/Users/leonardoromero/.nvm/versions/node/v12.13.1/lib/node_modules/yarn/lib/cli.js:310:30)
      at /Users/leonardoromero/.nvm/versions/node/v12.13.1/lib/node_modules/yarn/lib/cli.js:321:13

npm manifest: 
  {
    "name": "platzi-conf-merch",
    "version": "1.0.0",
    "description": "",
    "main": "index.js",
    "scripts": {
      "test": "echo \"Error: no test specified\" && exit 1",
      "start": "webpack serve",
      "build": "webpack --mode production"
    },
    "keywords": [],
    "author": "",
    "license": "ISC",
    "dependencies": {
      "react": "^17.0.0",
      "react-dom": "^17.0.0"
    },
    "devDependencies": {
      "webpack": "^5.15.0",
      "webpack-cli": "^4.3.1",
      "webpack-dev-server": "^3.11.2",
      "@babel/core": "^7.12.10",
      "@babel/preset-env": "^7.12.11",
      "@babel/preset-react": "^7.12.10",
      "babel-loader": "^8.2.2",
      "html-loader": "^1.3.2",
      "html-webpack-plugin": "^4.5.1",
    }
  }

yarn manifest: 
  No manifest

Lockfile: 
  No lockfile
